<?xml version="1.0" encoding="UTF-8"?>
<testsuite xmlns:xsi="http://www.w3.org/2001/XMLSchema-instance" xsi:noNamespaceSchemaLocation="https://maven.apache.org/surefire/maven-surefire-plugin/xsd/surefire-test-report-3.0.xsd" version="3.0" name="org.gtkim.NettyHttpEchoServerTest" time="0.013" tests="1" errors="0" skipped="0" failures="0">
  <properties>
    <property name="sun.desktop" value="windows"/>
    <property name="awt.toolkit" value="sun.awt.windows.WToolkit"/>
    <property name="file.encoding.pkg" value="sun.io"/>
    <property name="java.specification.version" value="1.8"/>
    <property name="sun.cpu.isalist" value="amd64"/>
    <property name="sun.jnu.encoding" value="MS949"/>
    <property name="java.class.path" value="C:\Sources\2. IntelliJWorkspace\Java-Network-Example\NettyHttpEchoServer\target\test-classes;C:\Sources\2. IntelliJWorkspace\Java-Network-Example\NettyHttpEchoServer\target\classes;C:\Users\DIR-N-171\.m2\repository\junit\junit\3.8.1\junit-3.8.1.jar;C:\Users\DIR-N-171\.m2\repository\io\netty\netty-all\4.1.51.Final\netty-all-4.1.51.Final.jar;C:\Users\DIR-N-171\.m2\repository\org\apache\logging\log4j\log4j-core\2.12.1\log4j-core-2.12.1.jar;C:\Users\DIR-N-171\.m2\repository\org\apache\logging\log4j\log4j-api\2.12.1\log4j-api-2.12.1.jar;C:\Users\DIR-N-171\.m2\repository\org\slf4j\slf4j-api\1.7.25\slf4j-api-1.7.25.jar;C:\Users\DIR-N-171\.m2\repository\org\projectlombok\lombok\0.9.3\lombok-0.9.3.jar;"/>
    <property name="java.vm.vendor" value="ojdkbuild"/>
    <property name="sun.arch.data.model" value="64"/>
    <property name="user.variant" value=""/>
    <property name="java.vendor.url" value="https://github.com/ojdkbuild"/>
    <property name="user.timezone" value="Asia/Seoul"/>
    <property name="java.vm.specification.version" value="1.8"/>
    <property name="os.name" value="Windows 10"/>
    <property name="user.country" value="KR"/>
    <property name="sun.java.launcher" value="SUN_STANDARD"/>
    <property name="sun.boot.library.path" value="C:\Program Files\JDK\java-1.8.0\jre\bin"/>
    <property name="sun.java.command" value="C:\Users\DIR-N-171\AppData\Local\Temp\surefire3204963817828899116\surefirebooter-20241021171011934_3.jar C:\Users\DIR-N-171\AppData\Local\Temp\surefire3204963817828899116 2024-10-21T17-10-11_490-jvmRun1 surefire-20241021171011934_1tmp surefire_0-20241021171011934_2tmp"/>
    <property name="surefire.test.class.path" value="C:\Sources\2. IntelliJWorkspace\Java-Network-Example\NettyHttpEchoServer\target\test-classes;C:\Sources\2. IntelliJWorkspace\Java-Network-Example\NettyHttpEchoServer\target\classes;C:\Users\DIR-N-171\.m2\repository\junit\junit\3.8.1\junit-3.8.1.jar;C:\Users\DIR-N-171\.m2\repository\io\netty\netty-all\4.1.51.Final\netty-all-4.1.51.Final.jar;C:\Users\DIR-N-171\.m2\repository\org\apache\logging\log4j\log4j-core\2.12.1\log4j-core-2.12.1.jar;C:\Users\DIR-N-171\.m2\repository\org\apache\logging\log4j\log4j-api\2.12.1\log4j-api-2.12.1.jar;C:\Users\DIR-N-171\.m2\repository\org\slf4j\slf4j-api\1.7.25\slf4j-api-1.7.25.jar;C:\Users\DIR-N-171\.m2\repository\org\projectlombok\lombok\0.9.3\lombok-0.9.3.jar;"/>
    <property name="sun.cpu.endian" value="little"/>
    <property name="user.home" value="C:\Users\DIR-N-171"/>
    <property name="user.language" value="ko"/>
    <property name="java.specification.vendor" value="Oracle Corporation"/>
    <property name="java.home" value="C:\Program Files\JDK\java-1.8.0\jre"/>
    <property name="basedir" value="C:\Sources\2. IntelliJWorkspace\Java-Network-Example\NettyHttpEchoServer"/>
    <property name="file.separator" value="\"/>
    <property name="line.separator" value="&#10;"/>
    <property name="java.vm.specification.vendor" value="Oracle Corporation"/>
    <property name="java.specification.name" value="Java Platform API Specification"/>
    <property name="java.awt.graphicsenv" value="sun.awt.Win32GraphicsEnvironment"/>
    <property name="surefire.real.class.path" value="C:\Users\DIR-N-171\AppData\Local\Temp\surefire3204963817828899116\surefirebooter-20241021171011934_3.jar"/>
    <property name="sun.boot.class.path" value="C:\Program Files\JDK\java-1.8.0\jre\lib\resources.jar;C:\Program Files\JDK\java-1.8.0\jre\lib\rt.jar;C:\Program Files\JDK\java-1.8.0\jre\lib\sunrsasign.jar;C:\Program Files\JDK\java-1.8.0\jre\lib\jsse.jar;C:\Program Files\JDK\java-1.8.0\jre\lib\jce.jar;C:\Program Files\JDK\java-1.8.0\jre\lib\charsets.jar;C:\Program Files\JDK\java-1.8.0\jre\lib\jfr.jar;C:\Program Files\JDK\java-1.8.0\jre\classes"/>
    <property name="user.script" value=""/>
    <property name="sun.management.compiler" value="HotSpot 64-Bit Tiered Compilers"/>
    <property name="java.runtime.version" value="1.8.0_332-b09"/>
    <property name="user.name" value="DIR-N-171"/>
    <property name="path.separator" value=";"/>
    <property name="os.version" value="10.0"/>
    <property name="java.endorsed.dirs" value="C:\Program Files\JDK\java-1.8.0\jre\lib\endorsed"/>
    <property name="java.runtime.name" value="OpenJDK Runtime Environment"/>
    <property name="file.encoding" value="MS949"/>
    <property name="java.vm.name" value="OpenJDK 64-Bit Server VM"/>
    <property name="localRepository" value="C:\Users\DIR-N-171\.m2\repository"/>
    <property name="java.vendor.url.bug" value="https://github.com/ojdkbuild/ojdkbuild/issues"/>
    <property name="java.io.tmpdir" value="C:\Users\DIR-N-~1\AppData\Local\Temp\"/>
    <property name="idea.version" value="2023.3.3"/>
    <property name="java.version" value="1.8.0_332"/>
    <property name="user.dir" value="C:\Sources\2. IntelliJWorkspace\Java-Network-Example\NettyHttpEchoServer"/>
    <property name="os.arch" value="amd64"/>
    <property name="java.vm.specification.name" value="Java Virtual Machine Specification"/>
    <property name="java.awt.printerjob" value="sun.awt.windows.WPrinterJob"/>
    <property name="sun.os.patch.level" value=""/>
    <property name="java.library.path" value="C:\Program Files\JDK\java-1.8.0\jre\bin;C:\Windows\Sun\Java\bin;C:\Windows\system32;C:\Windows;C:\Program Files\JDK\Julu-jdk-21.30.15\bin\;C:\Windows\system32;C:\Windows;C:\Windows\System32\Wbem;C:\Windows\System32\WindowsPowerShell\v1.0\;C:\Windows\System32\OpenSSH\;C:\Program Files\Bandizip\;C:\Program Files\dotnet\;C:\Program Files\JDK\java-1.8.0\bin;C:\Program Files\JDK\java-1.8.0\jre\bin;C:\Program Files\JDK\Julu-jdk-21.30.15\bin;C:\Program Files\PowerShell\7\;C:\Program Files\TortoiseSVN\bin;C:\Program Files\WinMerge;C:\Program Files\Git\cmd;C:\Program Files\OpenSSL-Win64\bin;;C:\Program Files\PuTTY\;C:\Program Files\Docker\Docker\resources\bin;C:\Program Files (x86)\NetSarang\Xshell 7\;C:\Users\DIR-N-171\AppData\Local\Microsoft\WindowsApps;C:\Users\DIR-N-171\AppData\Local\Programs\Microsoft VS Code\bin;C:\Program Files\JetBrains\IntelliJ IDEA 2023.3.3\bin;."/>
    <property name="java.vm.info" value="mixed mode"/>
    <property name="java.vendor" value="ojdkbuild"/>
    <property name="java.vm.version" value="25.332-b09"/>
    <property name="java.ext.dirs" value="C:\Program Files\JDK\java-1.8.0\jre\lib\ext;C:\Windows\Sun\Java\lib\ext"/>
    <property name="sun.io.unicode.encoding" value="UnicodeLittle"/>
    <property name="java.class.version" value="52.0"/>
  </properties>
  <testcase name="testApp" classname="org.gtkim.NettyHttpEchoServerTest" time="0.001"/>
</testsuite>