<?xml version="1.0" encoding="UTF-8" ?>
<testsuite tests="1" failures="0" name="org.gtkim.AppTest" time="0.001" errors="0" skipped="0">
  <properties>
    <property name="idea.version" value="2022.2.5"/>
    <property name="java.runtime.name" value="OpenJDK Runtime Environment"/>
    <property name="sun.boot.library.path" value="C:\Program Files\JDK\java-1.8.0\jre\bin"/>
    <property name="java.vm.version" value="25.332-b09"/>
    <property name="java.vm.vendor" value="ojdkbuild"/>
    <property name="maven.multiModuleProjectDirectory" value="C:\Sources\2. IntelliJWorkspace\Java-Network-Example\NettyLoadBalancer"/>
    <property name="java.vendor.url" value="https://github.com/ojdkbuild"/>
    <property name="path.separator" value=";"/>
    <property name="guice.disable.misplaced.annotation.check" value="true"/>
    <property name="java.vm.name" value="OpenJDK 64-Bit Server VM"/>
    <property name="file.encoding.pkg" value="sun.io"/>
    <property name="user.script" value=""/>
    <property name="user.country" value="KR"/>
    <property name="sun.java.launcher" value="SUN_STANDARD"/>
    <property name="sun.os.patch.level" value=""/>
    <property name="java.vm.specification.name" value="Java Virtual Machine Specification"/>
    <property name="user.dir" value="C:\Sources\2. IntelliJWorkspace\Java-Network-Example\NettyLoadBalancer"/>
    <property name="java.runtime.version" value="1.8.0_332-b09"/>
    <property name="java.awt.graphicsenv" value="sun.awt.Win32GraphicsEnvironment"/>
    <property name="java.endorsed.dirs" value="C:\Program Files\JDK\java-1.8.0\jre\lib\endorsed"/>
    <property name="os.arch" value="amd64"/>
    <property name="java.io.tmpdir" value="C:\Users\DIR-N-~1\AppData\Local\Temp\"/>
    <property name="line.separator" value="
"/>
    <property name="java.vm.specification.vendor" value="Oracle Corporation"/>
    <property name="user.variant" value=""/>
    <property name="os.name" value="Windows 10"/>
    <property name="maven.ext.class.path" value="C:\Program Files\JetBrains\IntelliJ IDEA 2022.2.5\plugins\maven\lib\maven-event-listener.jar"/>
    <property name="classworlds.conf" value="C:\Program Files\JetBrains\IntelliJ IDEA 2022.2.5\plugins\maven\lib\maven3\bin\m2.conf"/>
    <property name="sun.jnu.encoding" value="MS949"/>
    <property name="java.library.path" value="C:\Program Files\JDK\java-1.8.0\bin;C:\Windows\Sun\Java\bin;C:\Windows\system32;C:\Windows;C:\Windows\system32;C:\Windows;C:\Windows\System32\Wbem;C:\Windows\System32\WindowsPowerShell\v1.0\;C:\Windows\System32\OpenSSH\;C:\Program Files\Bandizip\;C:\Program Files\dotnet\;C:\Program Files\JDK\java-1.8.0\bin;C:\Program Files\JDK\java-1.8.0\jre\bin;C:\Program Files\Git\cmd;C:\Program Files\JDK\java-1.8.0\bin;C:\Program Files\PowerShell\7\;C:\Program Files\TortoiseSVN\bin;C:\Program Files (x86)\NetSarang\Xshell 7\;C:\Users\DIR-N-171\AppData\Local\Microsoft\WindowsApps;;C:\Users\DIR-N-171\AppData\Local\Programs\Microsoft VS Code\bin;."/>
    <property name="maven.conf" value="C:\Program Files\JetBrains\IntelliJ IDEA 2022.2.5\plugins\maven\lib\maven3/conf"/>
    <property name="java.specification.name" value="Java Platform API Specification"/>
    <property name="java.class.version" value="52.0"/>
    <property name="sun.management.compiler" value="HotSpot 64-Bit Tiered Compilers"/>
    <property name="os.version" value="10.0"/>
    <property name="user.home" value="C:\Users\DIR-N-171"/>
    <property name="user.timezone" value="Asia/Seoul"/>
    <property name="java.awt.printerjob" value="sun.awt.windows.WPrinterJob"/>
    <property name="java.specification.version" value="1.8"/>
    <property name="file.encoding" value="UTF-8"/>
    <property name="user.name" value="DIR-N-171"/>
    <property name="java.class.path" value="C:\Program Files\JetBrains\IntelliJ IDEA 2022.2.5\plugins\maven\lib\maven3\boot\plexus-classworlds-2.6.0.jar;C:\Program Files\JetBrains\IntelliJ IDEA 2022.2.5\plugins\maven\lib\maven3\boot\plexus-classworlds.license;C:\Program Files\JetBrains\IntelliJ IDEA 2022.2.5\lib\idea_rt.jar"/>
    <property name="java.vm.specification.version" value="1.8"/>
    <property name="sun.arch.data.model" value="64"/>
    <property name="java.home" value="C:\Program Files\JDK\java-1.8.0\jre"/>
    <property name="sun.java.command" value="org.codehaus.classworlds.Launcher -Didea.version=2022.2.5 package"/>
    <property name="java.specification.vendor" value="Oracle Corporation"/>
    <property name="user.language" value="ko"/>
    <property name="awt.toolkit" value="sun.awt.windows.WToolkit"/>
    <property name="java.vm.info" value="mixed mode"/>
    <property name="java.version" value="1.8.0_332"/>
    <property name="java.ext.dirs" value="C:\Program Files\JDK\java-1.8.0\jre\lib\ext;C:\Windows\Sun\Java\lib\ext"/>
    <property name="sun.boot.class.path" value="C:\Program Files\JDK\java-1.8.0\jre\lib\resources.jar;C:\Program Files\JDK\java-1.8.0\jre\lib\rt.jar;C:\Program Files\JDK\java-1.8.0\jre\lib\sunrsasign.jar;C:\Program Files\JDK\java-1.8.0\jre\lib\jsse.jar;C:\Program Files\JDK\java-1.8.0\jre\lib\jce.jar;C:\Program Files\JDK\java-1.8.0\jre\lib\charsets.jar;C:\Program Files\JDK\java-1.8.0\jre\lib\jfr.jar;C:\Program Files\JDK\java-1.8.0\jre\classes"/>
    <property name="java.vendor" value="ojdkbuild"/>
    <property name="maven.home" value="C:\Program Files\JetBrains\IntelliJ IDEA 2022.2.5\plugins\maven\lib\maven3"/>
    <property name="file.separator" value="\"/>
    <property name="java.vendor.url.bug" value="https://github.com/ojdkbuild/ojdkbuild/issues"/>
    <property name="sun.cpu.endian" value="little"/>
    <property name="sun.io.unicode.encoding" value="UnicodeLittle"/>
    <property name="sun.desktop" value="windows"/>
    <property name="sun.cpu.isalist" value="amd64"/>
  </properties>
  <testcase classname="org.gtkim.AppTest" name="testApp" time="0.001"/>
</testsuite>